<?xml version="1.0" encoding="UTF-8"?>
<!-- Generated by org.testng.reporters.JUnitReportReporter -->
<testsuite hostname="LAPTOP-JJNHDQO0" failures="0" tests="1" name="demo1" time="0.010" errors="0" timestamp="2022-07-06T15:09:30 IST" skipped="0">
  <testcase classname="demo1" name="demo1" time="0.010"/>
  <system-out/>
</testsuite> <!-- demo1 -->
